# Sources from image g018.31.5500.mf.large.selfcal.cgcurs2.irestor/
#    RA         DEC     err(RA) err(DEC) pk-flux   err      flux   bmaj   bmin   pa rms(bg) rms(fit)
#                       arcsec   arcsec   mJy      mJy       mJy  arcsec arcsec deg  mJy     mJy
#----------------------------------------------------------------------------------------------
23:28:13.457 -30:14:36.21   1.101    1.28  Infinity  0.000  Infinity  11.5   3.8  30.4  0.008   0.019     Y
23:28:01.899 -30:14:10.10   0.454    0.49     0.632  0.000     0.632  11.5   3.8  30.4  0.006   0.013     Y
23:28:00.947 -30:18:27.90   1.484    1.12     0.555  0.000     0.555  11.5   3.8  30.4  0.007   0.005     Y
23:27:55.367 -30:10:35.17   0.541    0.54    30.503  0.000    30.503  11.5   3.8  30.4  0.209   0.595     Y
23:27:46.866 -30:17:46.31   0.764    0.83     0.143  0.000     0.143  11.5   3.8  30.4  0.007   0.014     Y
23:27:40.410 -30:15:54.67   0.000    0.00     0.190  0.000     0.190  11.5   3.8  30.4  0.010   0.033     Y
23:27:39.636 -30:13:39.70   0.747    0.75     0.068  0.000     0.068  11.5   3.8  30.4  0.007   0.003     Y
23:27:39.167 -30:25:53.49   0.676    0.68  Infinity  0.000  Infinity  11.5   3.8  30.4  0.022   0.056     Y
23:27:37.702 -30:13:54.25   0.952    1.01     0.069  0.000     0.069  11.5   3.8  30.4  0.008   0.013     Y
23:27:37.669 -30:13:50.41   2.270    2.68     0.066  0.000     0.066  11.5   3.8  30.4  0.008   0.003     Y
23:27:37.104 -30:16:35.91   1.637    2.23     0.059  0.000     0.059  11.5   3.8  30.4  0.008   0.005     Y
23:27:37.118 -30:16:39.79   0.007    0.07     0.053  0.000     0.053  11.5   3.8  30.4  0.008   0.002     Y
23:27:36.729 -30:14:24.77   1.251    1.11     0.109  0.000     0.109  11.5   3.8  30.4  0.007   0.019     Y
23:27:34.805 -30:23:52.42   1.382    1.15     2.002  0.000     2.002  11.5   3.8  30.4  0.008   0.017     Y
23:27:33.671 -30:17:52.81   2.547    2.20     0.068  0.000     0.068  11.5   3.8  30.4  0.008   0.006     Y
23:27:33.367 -30:13:08.39   3.366    2.40     0.069  0.000     0.069  11.5   3.8  30.4  0.008   0.010     Y
23:27:31.583 -30:18:24.33   3.986    3.63     0.067  0.000     0.067  11.5   3.8  30.4  0.008   0.002     Y
23:27:30.039 -30:16:52.34   0.156    0.26     0.059  0.000     0.059  11.5   3.8  30.4  0.007   0.007     Y
23:27:30.157 -30:16:44.75   2.017    2.35     0.043  0.000     0.043  11.5   3.8  30.4  0.007   0.002     Y
23:27:28.691 -30:21:28.64   0.876    0.82     0.733  0.000     0.733  11.5   3.8  30.4  0.007   0.045     Y
23:27:27.865 -30:16:01.37   0.022    0.02     0.665  0.000     1.459  13.9   6.9  23.4  0.009   0.029     Y
23:27:26.982 -30:16:10.77   0.195    0.07     0.330  0.000     1.185  13.6  11.6  33.2  0.009   0.037     Y
23:27:26.970 -30:17:13.96   2.296    1.99     0.063  0.000     0.063  11.5   3.8  30.4  0.008   0.009     Y
23:27:26.029 -30:18:45.84   1.560    1.71     0.097  0.000     0.097  11.5   3.8  30.4  0.007   0.016     Y
23:27:22.805 -30:20:08.25   0.684    0.89     0.110  0.000     0.110  11.5   3.8  30.4  0.006   0.009     Y
23:27:22.830 -30:20:03.05   1.926    2.37     0.093  0.000     0.093  11.5   3.8  30.4  0.006   0.004     Y
23:27:22.172 -30:19:02.33   1.881    1.90     0.127  0.000     0.127  11.5   3.8  30.4  0.009   0.012     Y
23:27:22.274 -30:19:01.34  31.131   29.78     0.093  0.000     0.093  11.5   3.8  30.4  0.009   0.007     Y
23:27:21.855 -30:15:27.56   0.808    0.82     0.067  0.000     0.067  11.5   3.8  30.4  0.007   0.016     Y
23:27:19.352 -30:13:12.69   5.567    4.69     0.068  0.000     0.068  11.5   3.8  30.4  0.010   0.006     Y
23:27:16.567 -30:14:15.72   1.365    1.30     0.069  0.000     0.069  11.5   3.8  30.4  0.007   0.006     Y
23:27:15.300 -30:10:56.75   0.023    0.08     0.203  0.000     0.203  11.5   3.8  30.4  0.007   0.020     Y
23:27:14.326 -30:12:48.43   1.706    1.52     0.141  0.000     0.141  11.5   3.8  30.4  0.008   0.019     Y
23:27:13.529 -30:22:20.24   0.591    0.59     2.585  0.000     2.585  11.5   3.8  30.4  0.008   0.055     Y
23:27:07.581 -30:18:25.77   6.315    4.30     0.118  0.000     0.118  11.5   3.8  30.4  0.007   0.003     Y
23:27:03.746 -30:16:11.06   1.341    1.79     0.143  0.000     0.143  11.5   3.8  30.4  0.008   0.016     Y
23:27:03.742 -30:16:08.02   1.898    1.59     0.177  0.000     0.177  11.5   3.8  30.4  0.008   0.008     Y
23:26:59.387 -30:17:42.40   1.048    0.92     0.811  0.000     0.811  11.5   3.8  30.4  0.008   0.035     Y
23:26:57.066 -30:03:16.74   1.294    1.28  Infinity  0.000  Infinity  11.5   3.8  30.4  0.008   0.021     Y
23:26:36.327 -30:06:38.99   7.844    7.54  Infinity  0.000  Infinity  11.5   3.8  30.4  0.007   0.003     Y
23:26:35.525 -30:19:55.97   0.988    0.88  Infinity  0.000  Infinity  11.5   3.8  30.4  0.010   0.053     Y
23:26:27.085 -30:13:22.60   0.000    0.00  Infinity  0.000  Infinity  11.5   3.8  30.4  0.008   0.002     Y
23:26:26.195 -30:11:03.66   0.254    0.27  Infinity  0.000  Infinity  11.5   3.8  30.4  0.011   0.304     Y
23:26:25.766 -30:11:09.05   1.016    0.90  Infinity  0.000  Infinity  11.5   3.8  30.4  0.011   0.043     Y
23:26:25.621 -30:11:09.70   0.000    0.00       NaN  0.000       NaN  11.5   3.8  30.4  0.020   0.043     Y
23:26:25.245 -30:11:08.10   0.272    0.18  Infinity  0.000  Infinity  16.1   6.8  -0.8  0.009   0.006     Y
23:26:09.919 -30:12:07.31   0.698    0.72  Infinity  0.000  Infinity  11.5   3.8  30.4  0.009   0.014     Y
